==28951== Memcheck, a memory error detector
==28951== Copyright (C) 2002-2017, and GNU GPL'd, by Julian Seward et al.
==28951== Using Valgrind-3.13.0 and LibVEX; rerun with -h for copyright info
==28951== Command: ./cg.o
==28951== Parent PID: 28921
==28951== 
==28951== 
==28951== HEAP SUMMARY:
==28951==     in use at exit: 3,223,064 bytes in 32,421 blocks
==28951==   total heap usage: 591,876 allocs, 559,455 frees, 33,914,690 bytes allocated
==28951== 
==28951== 16 bytes in 1 blocks are possibly lost in loss record 1,863 of 9,374
==28951==    at 0x4C2EEF5: calloc (vg_replace_malloc.c:711)
==28951==    by 0x6E6D5D1: g_malloc0 (in /usr/lib/libglib-2.0.so.0.5400.3)
==28951==    by 0x6BF748F: ??? (in /usr/lib/libgobject-2.0.so.0.5400.3)
==28951==    by 0x6BFC7C1: g_type_register_fundamental (in /usr/lib/libgobject-2.0.so.0.5400.3)
==28951==    by 0x6BD8FC0: ??? (in /usr/lib/libgobject-2.0.so.0.5400.3)
==28951==    by 0x6BD2B3D: ??? (in /usr/lib/libgobject-2.0.so.0.5400.3)
==28951==    by 0x400F479: call_init.part.0 (in /usr/lib/ld-2.26.so)
==28951==    by 0x400F585: _dl_init (in /usr/lib/ld-2.26.so)
==28951==    by 0x4000F69: ??? (in /usr/lib/ld-2.26.so)
==28951== 
==28951== 16 bytes in 1 blocks are possibly lost in loss record 1,864 of 9,374
==28951==    at 0x4C2CE0F: malloc (vg_replace_malloc.c:298)
==28951==    by 0x4C2F154: realloc (vg_replace_malloc.c:785)
==28951==    by 0x6E6D638: g_realloc (in /usr/lib/libglib-2.0.so.0.5400.3)
==28951==    by 0x6BF7359: ??? (in /usr/lib/libgobject-2.0.so.0.5400.3)
==28951==    by 0x6BFC7C1: g_type_register_fundamental (in /usr/lib/libgobject-2.0.so.0.5400.3)
==28951==    by 0x6BD8FC0: ??? (in /usr/lib/libgobject-2.0.so.0.5400.3)
==28951==    by 0x6BD2B3D: ??? (in /usr/lib/libgobject-2.0.so.0.5400.3)
==28951==    by 0x400F479: call_init.part.0 (in /usr/lib/ld-2.26.so)
==28951==    by 0x400F585: _dl_init (in /usr/lib/ld-2.26.so)
==28951==    by 0x4000F69: ??? (in /usr/lib/ld-2.26.so)
==28951== 
==28951== 16 bytes in 1 blocks are possibly lost in loss record 1,865 of 9,374
==28951==    at 0x4C2EEF5: calloc (vg_replace_malloc.c:711)
==28951==    by 0x6E6D5D1: g_malloc0 (in /usr/lib/libglib-2.0.so.0.5400.3)
==28951==    by 0x6BF748F: ??? (in /usr/lib/libgobject-2.0.so.0.5400.3)
==28951==    by 0x6BFC7C1: g_type_register_fundamental (in /usr/lib/libgobject-2.0.so.0.5400.3)
==28951==    by 0x6BD9023: ??? (in /usr/lib/libgobject-2.0.so.0.5400.3)
==28951==    by 0x6BD2B3D: ??? (in /usr/lib/libgobject-2.0.so.0.5400.3)
==28951==    by 0x400F479: call_init.part.0 (in /usr/lib/ld-2.26.so)
==28951==    by 0x400F585: _dl_init (in /usr/lib/ld-2.26.so)
==28951==    by 0x4000F69: ??? (in /usr/lib/ld-2.26.so)
==28951== 
==28951== 16 bytes in 1 blocks are possibly lost in loss record 1,866 of 9,374
==28951==    at 0x4C2CE0F: malloc (vg_replace_malloc.c:298)
==28951==    by 0x4C2F154: realloc (vg_replace_malloc.c:785)
==28951==    by 0x6E6D638: g_realloc (in /usr/lib/libglib-2.0.so.0.5400.3)
==28951==    by 0x6BF7359: ??? (in /usr/lib/libgobject-2.0.so.0.5400.3)
==28951==    by 0x6BFC7C1: g_type_register_fundamental (in /usr/lib/libgobject-2.0.so.0.5400.3)
==28951==    by 0x6BD9023: ??? (in /usr/lib/libgobject-2.0.so.0.5400.3)
==28951==    by 0x6BD2B3D: ??? (in /usr/lib/libgobject-2.0.so.0.5400.3)
==28951==    by 0x400F479: call_init.part.0 (in /usr/lib/ld-2.26.so)
==28951==    by 0x400F585: _dl_init (in /usr/lib/ld-2.26.so)
==28951==    by 0x4000F69: ??? (in /usr/lib/ld-2.26.so)
==28951== 
==28951== 16 bytes in 1 blocks are possibly lost in loss record 1,867 of 9,374
==28951==    at 0x4C2EEF5: calloc (vg_replace_malloc.c:711)
==28951==    by 0x6E6D5D1: g_malloc0 (in /usr/lib/libglib-2.0.so.0.5400.3)
==28951==    by 0x6BF748F: ??? (in /usr/lib/libgobject-2.0.so.0.5400.3)
==28951==    by 0x6BFC7C1: g_type_register_fundamental (in /usr/lib/libgobject-2.0.so.0.5400.3)
==28951==    by 0x6BE337D: ??? (in /usr/lib/libgobject-2.0.so.0.5400.3)
==28951==    by 0x6BD2B49: ??? (in /usr/lib/libgobject-2.0.so.0.5400.3)
==28951==    by 0x400F479: call_init.part.0 (in /usr/lib/ld-2.26.so)
==28951==    by 0x400F585: _dl_init (in /usr/lib/ld-2.26.so)
==28951==    by 0x4000F69: ??? (in /usr/lib/ld-2.26.so)
==28951== 
==28951== 16 bytes in 1 blocks are possibly lost in loss record 1,868 of 9,374
==28951==    at 0x4C2CE0F: malloc (vg_replace_malloc.c:298)
==28951==    by 0x4C2F154: realloc (vg_replace_malloc.c:785)
==28951==    by 0x6E6D638: g_realloc (in /usr/lib/libglib-2.0.so.0.5400.3)
==28951==    by 0x6BF7359: ??? (in /usr/lib/libgobject-2.0.so.0.5400.3)
==28951==    by 0x6BFC7C1: g_type_register_fundamental (in /usr/lib/libgobject-2.0.so.0.5400.3)
==28951==    by 0x6BE337D: ??? (in /usr/lib/libgobject-2.0.so.0.5400.3)
==28951==    by 0x6BD2B49: ??? (in /usr/lib/libgobject-2.0.so.0.5400.3)
==28951==    by 0x400F479: call_init.part.0 (in /usr/lib/ld-2.26.so)
==28951==    by 0x400F585: _dl_init (in /usr/lib/ld-2.26.so)
==28951==    by 0x4000F69: ??? (in /usr/lib/ld-2.26.so)
==28951== 
==28951== 16 bytes in 1 blocks are possibly lost in loss record 1,869 of 9,374
==28951==    at 0x4C2EEF5: calloc (vg_replace_malloc.c:711)
==28951==    by 0x6E6D5D1: g_malloc0 (in /usr/lib/libglib-2.0.so.0.5400.3)
==28951==    by 0x6BF748F: ??? (in /usr/lib/libgobject-2.0.so.0.5400.3)
==28951==    by 0x6BFC7C1: g_type_register_fundamental (in /usr/lib/libgobject-2.0.so.0.5400.3)
==28951==    by 0x6BDE01D: ??? (in /usr/lib/libgobject-2.0.so.0.5400.3)
==28951==    by 0x6BD2B4F: ??? (in /usr/lib/libgobject-2.0.so.0.5400.3)
==28951==    by 0x400F479: call_init.part.0 (in /usr/lib/ld-2.26.so)
==28951==    by 0x400F585: _dl_init (in /usr/lib/ld-2.26.so)
==28951==    by 0x4000F69: ??? (in /usr/lib/ld-2.26.so)
==28951== 
==28951== 16 bytes in 1 blocks are possibly lost in loss record 1,870 of 9,374
==28951==    at 0x4C2CE0F: malloc (vg_replace_malloc.c:298)
==28951==    by 0x4C2F154: realloc (vg_replace_malloc.c:785)
==28951==    by 0x6E6D638: g_realloc (in /usr/lib/libglib-2.0.so.0.5400.3)
==28951==    by 0x6BF7359: ??? (in /usr/lib/libgobject-2.0.so.0.5400.3)
==28951==    by 0x6BFC7C1: g_type_register_fundamental (in /usr/lib/libgobject-2.0.so.0.5400.3)
==28951==    by 0x6BDE01D: ??? (in /usr/lib/libgobject-2.0.so.0.5400.3)
==28951==    by 0x6BD2B4F: ??? (in /usr/lib/libgobject-2.0.so.0.5400.3)
==28951==    by 0x400F479: call_init.part.0 (in /usr/lib/ld-2.26.so)
==28951==    by 0x400F585: _dl_init (in /usr/lib/ld-2.26.so)
==28951==    by 0x4000F69: ??? (in /usr/lib/ld-2.26.so)
==28951== 
==28951== 16 bytes in 1 blocks are possibly lost in loss record 1,871 of 9,374
==28951==    at 0x4C2CEDF: malloc (vg_replace_malloc.c:299)
==28951==    by 0x6E6D579: g_malloc (in /usr/lib/libglib-2.0.so.0.5400.3)
==28951==    by 0x6E85746: g_slice_alloc (in /usr/lib/libglib-2.0.so.0.5400.3)
==28951==    by 0x6BD2CBB: ??? (in /usr/lib/libgobject-2.0.so.0.5400.3)
==28951==    by 0x6BD2D35: ??? (in /usr/lib/libgobject-2.0.so.0.5400.3)
==28951==    by 0x6BF648C: ??? (in /usr/lib/libgobject-2.0.so.0.5400.3)
==28951==    by 0x6BF6744: ??? (in /usr/lib/libgobject-2.0.so.0.5400.3)
==28951==    by 0x6BF9BA2: ??? (in /usr/lib/libgobject-2.0.so.0.5400.3)
==28951==    by 0x6BFE257: g_type_add_interface_static (in /usr/lib/libgobject-2.0.so.0.5400.3)
==28951==    by 0x4ED9125: gtk_widget_accessible_get_type (in /usr/lib/libgtk-3.so.0.2200.28)
==28951==    by 0x51D2320: ??? (in /usr/lib/libgtk-3.so.0.2200.28)
==28951==    by 0x6BFA649: g_type_class_ref (in /usr/lib/libgobject-2.0.so.0.5400.3)
==28951== 
==28951== 16 bytes in 1 blocks are possibly lost in loss record 1,872 of 9,374
==28951==    at 0x4C2CEDF: malloc (vg_replace_malloc.c:299)
==28951==    by 0x6E6D579: g_malloc (in /usr/lib/libglib-2.0.so.0.5400.3)
==28951==    by 0x6E85746: g_slice_alloc (in /usr/lib/libglib-2.0.so.0.5400.3)
==28951==    by 0x6BD2CBB: ??? (in /usr/lib/libgobject-2.0.so.0.5400.3)
==28951==    by 0x6BD2D65: ??? (in /usr/lib/libgobject-2.0.so.0.5400.3)
==28951==    by 0x6BF648C: ??? (in /usr/lib/libgobject-2.0.so.0.5400.3)
==28951==    by 0x6BF6744: ??? (in /usr/lib/libgobject-2.0.so.0.5400.3)
==28951==    by 0x6BF9BA2: ??? (in /usr/lib/libgobject-2.0.so.0.5400.3)
==28951==    by 0x6BFE257: g_type_add_interface_static (in /usr/lib/libgobject-2.0.so.0.5400.3)
==28951==    by 0x4F620EB: gtk_button_get_type (in /usr/lib/libgtk-3.so.0.2200.28)
==28951==    by 0x516DF0E: gtk_toggle_button_get_type (in /usr/lib/libgtk-3.so.0.2200.28)
==28951==    by 0xF0A706F: gtk_module_init (in /usr/lib/gtk-3.0/modules/libcanberra-gtk3-module.so)
==28951== 
==28951== 16 bytes in 1 blocks are possibly lost in loss record 1,873 of 9,374
==28951==    at 0x4C2CEDF: malloc (vg_replace_malloc.c:299)
==28951==    by 0x6E6D579: g_malloc (in /usr/lib/libglib-2.0.so.0.5400.3)
==28951==    by 0x6E85746: g_slice_alloc (in /usr/lib/libglib-2.0.so.0.5400.3)
==28951==    by 0x6BD2CBB: ??? (in /usr/lib/libgobject-2.0.so.0.5400.3)
==28951==    by 0x6BD2D65: ??? (in /usr/lib/libgobject-2.0.so.0.5400.3)
==28951==    by 0x6BF648C: ??? (in /usr/lib/libgobject-2.0.so.0.5400.3)
==28951==    by 0x6BF6853: ??? (in /usr/lib/libgobject-2.0.so.0.5400.3)
==28951==    by 0x6BF9BA2: ??? (in /usr/lib/libgobject-2.0.so.0.5400.3)
==28951==    by 0x6BFE257: g_type_add_interface_static (in /usr/lib/libgobject-2.0.so.0.5400.3)
==28951==    by 0x503F318: gtk_icon_view_get_type (in /usr/lib/libgtk-3.so.0.2200.28)
==28951==    by 0xF0A7112: gtk_module_init (in /usr/lib/gtk-3.0/modules/libcanberra-gtk3-module.so)
==28951==    by 0x50963FB: ??? (in /usr/lib/libgtk-3.so.0.2200.28)
==28951== 
==28951== 16 bytes in 1 blocks are possibly lost in loss record 1,874 of 9,374
==28951==    at 0x4C2CEDF: malloc (vg_replace_malloc.c:299)
==28951==    by 0x6E6D579: g_malloc (in /usr/lib/libglib-2.0.so.0.5400.3)
==28951==    by 0x6E85746: g_slice_alloc (in /usr/lib/libglib-2.0.so.0.5400.3)
==28951==    by 0x6BD2CBB: ??? (in /usr/lib/libgobject-2.0.so.0.5400.3)
==28951==    by 0x6BD2D65: ??? (in /usr/lib/libgobject-2.0.so.0.5400.3)
==28951==    by 0x6BF648C: ??? (in /usr/lib/libgobject-2.0.so.0.5400.3)
==28951==    by 0x6BF6744: ??? (in /usr/lib/libgobject-2.0.so.0.5400.3)
==28951==    by 0x6BF9BA2: ??? (in /usr/lib/libgobject-2.0.so.0.5400.3)
==28951==    by 0x6BFE257: g_type_add_interface_static (in /usr/lib/libgobject-2.0.so.0.5400.3)
==28951==    by 0x503F37B: gtk_icon_view_get_type (in /usr/lib/libgtk-3.so.0.2200.28)
==28951==    by 0xF0A7112: gtk_module_init (in /usr/lib/gtk-3.0/modules/libcanberra-gtk3-module.so)
==28951==    by 0x50963FB: ??? (in /usr/lib/libgtk-3.so.0.2200.28)
==28951== 
==28951== 16 bytes in 1 blocks are possibly lost in loss record 1,875 of 9,374
==28951==    at 0x4C2CEDF: malloc (vg_replace_malloc.c:299)
==28951==    by 0x6E6D579: g_malloc (in /usr/lib/libglib-2.0.so.0.5400.3)
==28951==    by 0x6E85746: g_slice_alloc (in /usr/lib/libglib-2.0.so.0.5400.3)
==28951==    by 0x6BD2CBB: ??? (in /usr/lib/libgobject-2.0.so.0.5400.3)
==28951==    by 0x6BD2D65: ??? (in /usr/lib/libgobject-2.0.so.0.5400.3)
==28951==    by 0x6BF648C: ??? (in /usr/lib/libgobject-2.0.so.0.5400.3)
==28951==    by 0x6BF6853: ??? (in /usr/lib/libgobject-2.0.so.0.5400.3)
==28951==    by 0x6BF9BA2: ??? (in /usr/lib/libgobject-2.0.so.0.5400.3)
==28951==    by 0x6BFE257: g_type_add_interface_static (in /usr/lib/libgobject-2.0.so.0.5400.3)
==28951==    by 0x4F46E58: gtk_application_window_get_type (in /usr/lib/libgtk-3.so.0.2200.28)
==28951==    by 0x4F46EF1: gtk_application_window_new (in /usr/lib/libgtk-3.so.0.2200.28)
==28951==    by 0x10DF29: GUI::activate(_GtkApplication*, void*) (gui.cpp:282)
==28951== 
==28951== 16 bytes in 1 blocks are possibly lost in loss record 1,876 of 9,374
==28951==    at 0x4C2CEDF: malloc (vg_replace_malloc.c:299)
==28951==    by 0x6E6D579: g_malloc (in /usr/lib/libglib-2.0.so.0.5400.3)
==28951==    by 0x6E85746: g_slice_alloc (in /usr/lib/libglib-2.0.so.0.5400.3)
==28951==    by 0x6BD2CBB: ??? (in /usr/lib/libgobject-2.0.so.0.5400.3)
==28951==    by 0x6BD2D65: ??? (in /usr/lib/libgobject-2.0.so.0.5400.3)
==28951==    by 0x6BF648C: ??? (in /usr/lib/libgobject-2.0.so.0.5400.3)
==28951==    by 0x6BF6744: ??? (in /usr/lib/libgobject-2.0.so.0.5400.3)
==28951==    by 0x6BF9BA2: ??? (in /usr/lib/libgobject-2.0.so.0.5400.3)
==28951==    by 0x6BFE257: g_type_add_interface_static (in /usr/lib/libgobject-2.0.so.0.5400.3)
==28951==    by 0x4F46E8B: gtk_application_window_get_type (in /usr/lib/libgtk-3.so.0.2200.28)
==28951==    by 0x4F46EF1: gtk_application_window_new (in /usr/lib/libgtk-3.so.0.2200.28)
==28951==    by 0x10DF29: GUI::activate(_GtkApplication*, void*) (gui.cpp:282)
==28951== 
==28951== 16 bytes in 1 blocks are possibly lost in loss record 1,877 of 9,374
==28951==    at 0x4C2CEDF: malloc (vg_replace_malloc.c:299)
==28951==    by 0x6E6D579: g_malloc (in /usr/lib/libglib-2.0.so.0.5400.3)
==28951==    by 0x6E85746: g_slice_alloc (in /usr/lib/libglib-2.0.so.0.5400.3)
==28951==    by 0x6BD2CBB: ??? (in /usr/lib/libgobject-2.0.so.0.5400.3)
==28951==    by 0x6BD2D35: ??? (in /usr/lib/libgobject-2.0.so.0.5400.3)
==28951==    by 0x6BF648C: ??? (in /usr/lib/libgobject-2.0.so.0.5400.3)
==28951==    by 0x6BF6744: ??? (in /usr/lib/libgobject-2.0.so.0.5400.3)
==28951==    by 0x6BF9BA2: ??? (in /usr/lib/libgobject-2.0.so.0.5400.3)
==28951==    by 0x6BFE257: g_type_add_interface_static (in /usr/lib/libgobject-2.0.so.0.5400.3)
==28951==    by 0x4F9521B: gtk_combo_box_get_type (in /usr/lib/libgtk-3.so.0.2200.28)
==28951==    by 0x4F9868E: gtk_combo_box_text_get_type (in /usr/lib/libgtk-3.so.0.2200.28)
==28951==    by 0x4F98719: gtk_combo_box_text_new (in /usr/lib/libgtk-3.so.0.2200.28)
==28951== 
==28951== 16 bytes in 1 blocks are possibly lost in loss record 1,878 of 9,374
==28951==    at 0x4C2CEDF: malloc (vg_replace_malloc.c:299)
==28951==    by 0x6E6D579: g_malloc (in /usr/lib/libglib-2.0.so.0.5400.3)
==28951==    by 0x6E85746: g_slice_alloc (in /usr/lib/libglib-2.0.so.0.5400.3)
==28951==    by 0x6BD2CBB: ??? (in /usr/lib/libgobject-2.0.so.0.5400.3)
==28951==    by 0x6BD2D35: ??? (in /usr/lib/libgobject-2.0.so.0.5400.3)
==28951==    by 0x6BF648C: ??? (in /usr/lib/libgobject-2.0.so.0.5400.3)
==28951==    by 0x6BF6744: ??? (in /usr/lib/libgobject-2.0.so.0.5400.3)
==28951==    by 0x6BF9BA2: ??? (in /usr/lib/libgobject-2.0.so.0.5400.3)
==28951==    by 0x6BFE257: g_type_add_interface_static (in /usr/lib/libgobject-2.0.so.0.5400.3)
==28951==    by 0x50699C4: gtk_list_store_get_type (in /usr/lib/libgtk-3.so.0.2200.28)
==28951==    by 0x5069AC5: gtk_list_store_new (in /usr/lib/libgtk-3.so.0.2200.28)
==28951==    by 0x4F983DF: ??? (in /usr/lib/libgtk-3.so.0.2200.28)
==28951== 
==28951== 16 bytes in 1 blocks are possibly lost in loss record 1,879 of 9,374
==28951==    at 0x4C2CEDF: malloc (vg_replace_malloc.c:299)
==28951==    by 0x6E6D579: g_malloc (in /usr/lib/libglib-2.0.so.0.5400.3)
==28951==    by 0x6E85746: g_slice_alloc (in /usr/lib/libglib-2.0.so.0.5400.3)
==28951==    by 0x6BD2CBB: ??? (in /usr/lib/libgobject-2.0.so.0.5400.3)
==28951==    by 0x6BD2D35: ??? (in /usr/lib/libgobject-2.0.so.0.5400.3)
==28951==    by 0x6BF648C: ??? (in /usr/lib/libgobject-2.0.so.0.5400.3)
==28951==    by 0x6BF6744: ??? (in /usr/lib/libgobject-2.0.so.0.5400.3)
==28951==    by 0x6BF9BA2: ??? (in /usr/lib/libgobject-2.0.so.0.5400.3)
==28951==    by 0x6BFE257: g_type_add_interface_static (in /usr/lib/libgobject-2.0.so.0.5400.3)
==28951==    by 0x50699F7: gtk_list_store_get_type (in /usr/lib/libgtk-3.so.0.2200.28)
==28951==    by 0x5069AC5: gtk_list_store_new (in /usr/lib/libgtk-3.so.0.2200.28)
==28951==    by 0x4F983DF: ??? (in /usr/lib/libgtk-3.so.0.2200.28)
==28951== 
==28951== 16 bytes in 1 blocks are possibly lost in loss record 1,880 of 9,374
==28951==    at 0x4C2CEDF: malloc (vg_replace_malloc.c:299)
==28951==    by 0x6E6D579: g_malloc (in /usr/lib/libglib-2.0.so.0.5400.3)
==28951==    by 0x6E85746: g_slice_alloc (in /usr/lib/libglib-2.0.so.0.5400.3)
==28951==    by 0x6BD2CBB: ??? (in /usr/lib/libgobject-2.0.so.0.5400.3)
==28951==    by 0x6BD2D35: ??? (in /usr/lib/libgobject-2.0.so.0.5400.3)
==28951==    by 0x6BF648C: ??? (in /usr/lib/libgobject-2.0.so.0.5400.3)
==28951==    by 0x6BF6744: ??? (in /usr/lib/libgobject-2.0.so.0.5400.3)
==28951==    by 0x6BF9BA2: ??? (in /usr/lib/libgobject-2.0.so.0.5400.3)
==28951==    by 0x6BFE257: g_type_add_interface_static (in /usr/lib/libgobject-2.0.so.0.5400.3)
==28951==    by 0x5069A2A: gtk_list_store_get_type (in /usr/lib/libgtk-3.so.0.2200.28)
==28951==    by 0x5069AC5: gtk_list_store_new (in /usr/lib/libgtk-3.so.0.2200.28)
==28951==    by 0x4F983DF: ??? (in /usr/lib/libgtk-3.so.0.2200.28)
==28951== 
==28951== 16 bytes in 1 blocks are possibly lost in loss record 1,881 of 9,374
==28951==    at 0x4C2CEDF: malloc (vg_replace_malloc.c:299)
==28951==    by 0x6E6D579: g_malloc (in /usr/lib/libglib-2.0.so.0.5400.3)
==28951==    by 0x6E85746: g_slice_alloc (in /usr/lib/libglib-2.0.so.0.5400.3)
==28951==    by 0x6BD2CBB: ??? (in /usr/lib/libgobject-2.0.so.0.5400.3)
==28951==    by 0x6BD2D65: ??? (in /usr/lib/libgobject-2.0.so.0.5400.3)
==28951==    by 0x6BF648C: ??? (in /usr/lib/libgobject-2.0.so.0.5400.3)
==28951==    by 0x6BF6853: ??? (in /usr/lib/libgobject-2.0.so.0.5400.3)
==28951==    by 0x6BF9BA2: ??? (in /usr/lib/libgobject-2.0.so.0.5400.3)
==28951==    by 0x6BFE257: g_type_add_interface_static (in /usr/lib/libgobject-2.0.so.0.5400.3)
==28951==    by 0x4EBDB58: gtk_cell_accessible_get_type (in /usr/lib/libgtk-3.so.0.2200.28)
==28951==    by 0x4ECD31F: gtk_renderer_cell_accessible_get_type (in /usr/lib/libgtk-3.so.0.2200.28)
==28951==    by 0x4F7A3C8: ??? (in /usr/lib/libgtk-3.so.0.2200.28)
==28951== 
==28951== 16 bytes in 1 blocks are possibly lost in loss record 1,882 of 9,374
==28951==    at 0x4C2CEDF: malloc (vg_replace_malloc.c:299)
==28951==    by 0x6E6D579: g_malloc (in /usr/lib/libglib-2.0.so.0.5400.3)
==28951==    by 0x6E85746: g_slice_alloc (in /usr/lib/libglib-2.0.so.0.5400.3)
==28951==    by 0x6BD2CBB: ??? (in /usr/lib/libgobject-2.0.so.0.5400.3)
==28951==    by 0x6BD2D65: ??? (in /usr/lib/libgobject-2.0.so.0.5400.3)
==28951==    by 0x6BF648C: ??? (in /usr/lib/libgobject-2.0.so.0.5400.3)
==28951==    by 0x6BF6744: ??? (in /usr/lib/libgobject-2.0.so.0.5400.3)
==28951==    by 0x6BF9BA2: ??? (in /usr/lib/libgobject-2.0.so.0.5400.3)
==28951==    by 0x6BFE257: g_type_add_interface_static (in /usr/lib/libgobject-2.0.so.0.5400.3)
==28951==    by 0x4ED0605: gtk_text_cell_accessible_get_type (in /usr/lib/libgtk-3.so.0.2200.28)
==28951==    by 0x4F80438: ??? (in /usr/lib/libgtk-3.so.0.2200.28)
==28951==    by 0x6BFA649: g_type_class_ref (in /usr/lib/libgobject-2.0.so.0.5400.3)
==28951== 
==28951== 16 bytes in 1 blocks are possibly lost in loss record 1,883 of 9,374
==28951==    at 0x4C2CEDF: malloc (vg_replace_malloc.c:299)
==28951==    by 0x6E6D579: g_malloc (in /usr/lib/libglib-2.0.so.0.5400.3)
==28951==    by 0x6E85746: g_slice_alloc (in /usr/lib/libglib-2.0.so.0.5400.3)
==28951==    by 0x6BD2CBB: ??? (in /usr/lib/libgobject-2.0.so.0.5400.3)
==28951==    by 0x6BD2D65: ??? (in /usr/lib/libgobject-2.0.so.0.5400.3)
==28951==    by 0x6BF648C: ??? (in /usr/lib/libgobject-2.0.so.0.5400.3)
==28951==    by 0x6BF6744: ??? (in /usr/lib/libgobject-2.0.so.0.5400.3)
==28951==    by 0x6BF9BA2: ??? (in /usr/lib/libgobject-2.0.so.0.5400.3)
==28951==    by 0x6BFE257: g_type_add_interface_static (in /usr/lib/libgobject-2.0.so.0.5400.3)
==28951==    by 0x4FE05CB: gtk_entry_get_type (in /usr/lib/libgtk-3.so.0.2200.28)
==28951==    by 0x4EBAD0E: ??? (in /usr/lib/libgtk-3.so.0.2200.28)
==28951==    by 0x577DAC2: ??? (in /usr/lib/libgdk-3.so.0.2200.28)
==28951== 
==28951== 24 bytes in 1 blocks are possibly lost in loss record 2,629 of 9,374
==28951==    at 0x4C2EEF5: calloc (vg_replace_malloc.c:711)
==28951==    by 0x6E6D5D1: g_malloc0 (in /usr/lib/libglib-2.0.so.0.5400.3)
==28951==    by 0x6BFAB7D: g_type_class_ref (in /usr/lib/libgobject-2.0.so.0.5400.3)
==28951==    by 0x6BFA995: g_type_class_ref (in /usr/lib/libgobject-2.0.so.0.5400.3)
==28951==    by 0x6BE8228: g_param_spec_flags (in /usr/lib/libgobject-2.0.so.0.5400.3)
==28951==    by 0x68C098B: ??? (in /usr/lib/libgio-2.0.so.0.5400.3)
==28951==    by 0x6BFA649: g_type_class_ref (in /usr/lib/libgobject-2.0.so.0.5400.3)
==28951==    by 0x6BFA995: g_type_class_ref (in /usr/lib/libgobject-2.0.so.0.5400.3)
==28951==    by 0x6BDF82D: g_object_new_valist (in /usr/lib/libgobject-2.0.so.0.5400.3)
==28951==    by 0x6BDF9F9: g_object_new (in /usr/lib/libgobject-2.0.so.0.5400.3)
==28951==    by 0x10EDBF: main (main.cpp:28)
==28951== 
==28951== 32 bytes in 1 blocks are possibly lost in loss record 4,249 of 9,374
==28951==    at 0x4C2EEF5: calloc (vg_replace_malloc.c:711)
==28951==    by 0x6E6D5D1: g_malloc0 (in /usr/lib/libglib-2.0.so.0.5400.3)
==28951==    by 0x6BFAB7D: g_type_class_ref (in /usr/lib/libgobject-2.0.so.0.5400.3)
==28951==    by 0x6BFA995: g_type_class_ref (in /usr/lib/libgobject-2.0.so.0.5400.3)
==28951==    by 0x6BE8128: g_param_spec_enum (in /usr/lib/libgobject-2.0.so.0.5400.3)
==28951==    by 0x68EF105: ??? (in /usr/lib/libgio-2.0.so.0.5400.3)
==28951==    by 0x6BFA649: g_type_class_ref (in /usr/lib/libgobject-2.0.so.0.5400.3)
==28951==    by 0x68F1729: ??? (in /usr/lib/libgio-2.0.so.0.5400.3)
==28951==    by 0x68F263E: ??? (in /usr/lib/libgio-2.0.so.0.5400.3)
==28951==    by 0x68E5D31: g_bus_get_sync (in /usr/lib/libgio-2.0.so.0.5400.3)
==28951==    by 0x68C5048: ??? (in /usr/lib/libgio-2.0.so.0.5400.3)
==28951==    by 0x68C1C76: g_application_register (in /usr/lib/libgio-2.0.so.0.5400.3)
==28951== 
==28951== 32 bytes in 2 blocks are possibly lost in loss record 4,250 of 9,374
==28951==    at 0x4C2CEDF: malloc (vg_replace_malloc.c:299)
==28951==    by 0x6E6D579: g_malloc (in /usr/lib/libglib-2.0.so.0.5400.3)
==28951==    by 0x6E85746: g_slice_alloc (in /usr/lib/libglib-2.0.so.0.5400.3)
==28951==    by 0x6BD2CBB: ??? (in /usr/lib/libgobject-2.0.so.0.5400.3)
==28951==    by 0x6BD2D65: ??? (in /usr/lib/libgobject-2.0.so.0.5400.3)
==28951==    by 0x6BF648C: ??? (in /usr/lib/libgobject-2.0.so.0.5400.3)
==28951==    by 0x6BF6853: ??? (in /usr/lib/libgobject-2.0.so.0.5400.3)
==28951==    by 0x6BF9BA2: ??? (in /usr/lib/libgobject-2.0.so.0.5400.3)
==28951==    by 0x6BFE257: g_type_add_interface_static (in /usr/lib/libgobject-2.0.so.0.5400.3)
==28951==    by 0x4EBDB8B: gtk_cell_accessible_get_type (in /usr/lib/libgtk-3.so.0.2200.28)
==28951==    by 0x4ECD31F: gtk_renderer_cell_accessible_get_type (in /usr/lib/libgtk-3.so.0.2200.28)
==28951==    by 0x4F7A3C8: ??? (in /usr/lib/libgtk-3.so.0.2200.28)
==28951== 
==28951== 36 bytes in 1 blocks are possibly lost in loss record 4,298 of 9,374
==28951==    at 0x4C2EEF5: calloc (vg_replace_malloc.c:711)
==28951==    by 0x6E6D5D1: g_malloc0 (in /usr/lib/libglib-2.0.so.0.5400.3)
==28951==    by 0x5C677E0: pango_language_from_string (in /usr/lib/libpango-1.0.so.0.4000.13)
==28951==    by 0x5C67BC3: pango_language_get_default (in /usr/lib/libpango-1.0.so.0.4000.13)
==28951==    by 0x5C7E6A4: ??? (in /usr/lib/libpango-1.0.so.0.4000.13)
==28951==    by 0x6BFDCD2: g_type_create_instance (in /usr/lib/libgobject-2.0.so.0.5400.3)
==28951==    by 0x6BDD728: ??? (in /usr/lib/libgobject-2.0.so.0.5400.3)
==28951==    by 0x6BDEF6C: g_object_new_with_properties (in /usr/lib/libgobject-2.0.so.0.5400.3)
==28951==    by 0x6BDFA21: g_object_new (in /usr/lib/libgobject-2.0.so.0.5400.3)
==28951==    by 0x5C6C703: pango_font_map_create_context (in /usr/lib/libpango-1.0.so.0.4000.13)
==28951==    by 0x5793AEF: gdk_pango_context_get_for_screen (in /usr/lib/libgdk-3.so.0.2200.28)
==28951==    by 0x51D3272: gtk_widget_create_pango_context (in /usr/lib/libgtk-3.so.0.2200.28)
==28951== 
==28951== 40 bytes in 1 blocks are possibly lost in loss record 4,697 of 9,374
==28951==    at 0x4C2CEDF: malloc (vg_replace_malloc.c:299)
==28951==    by 0x6E6D579: g_malloc (in /usr/lib/libglib-2.0.so.0.5400.3)
==28951==    by 0x6E85746: g_slice_alloc (in /usr/lib/libglib-2.0.so.0.5400.3)
==28951==    by 0x6BD2CBB: ??? (in /usr/lib/libgobject-2.0.so.0.5400.3)
==28951==    by 0x6BD2D65: ??? (in /usr/lib/libgobject-2.0.so.0.5400.3)
==28951==    by 0x6BF6AE8: ??? (in /usr/lib/libgobject-2.0.so.0.5400.3)
==28951==    by 0x6BFCD31: g_type_register_static (in /usr/lib/libgobject-2.0.so.0.5400.3)
==28951==    by 0x6BFD005: g_type_register_static_simple (in /usr/lib/libgobject-2.0.so.0.5400.3)
==28951==    by 0x4ECAA4E: gtk_menu_item_accessible_get_type (in /usr/lib/libgtk-3.so.0.2200.28)
==28951==    by 0x508781C: ??? (in /usr/lib/libgtk-3.so.0.2200.28)
==28951==    by 0x6BFA649: g_type_class_ref (in /usr/lib/libgobject-2.0.so.0.5400.3)
==28951==    by 0xF0A5257: ??? (in /usr/lib/gtk-3.0/modules/libcanberra-gtk3-module.so)
==28951== 
==28951== 40 bytes in 1 blocks are possibly lost in loss record 4,698 of 9,374
==28951==    at 0x4C2CEDF: malloc (vg_replace_malloc.c:299)
==28951==    by 0x6E6D579: g_malloc (in /usr/lib/libglib-2.0.so.0.5400.3)
==28951==    by 0x6E85746: g_slice_alloc (in /usr/lib/libglib-2.0.so.0.5400.3)
==28951==    by 0x6BD2CBB: ??? (in /usr/lib/libgobject-2.0.so.0.5400.3)
==28951==    by 0x6BD2D65: ??? (in /usr/lib/libgobject-2.0.so.0.5400.3)
==28951==    by 0x6BF6AE8: ??? (in /usr/lib/libgobject-2.0.so.0.5400.3)
==28951==    by 0x6BFCD31: g_type_register_static (in /usr/lib/libgobject-2.0.so.0.5400.3)
==28951==    by 0x6BFD005: g_type_register_static_simple (in /usr/lib/libgobject-2.0.so.0.5400.3)
==28951==    by 0x4EBD56E: gtk_button_accessible_get_type (in /usr/lib/libgtk-3.so.0.2200.28)
==28951==    by 0x4F6125C: ??? (in /usr/lib/libgtk-3.so.0.2200.28)
==28951==    by 0x6BFA649: g_type_class_ref (in /usr/lib/libgobject-2.0.so.0.5400.3)
==28951==    by 0x6BFA995: g_type_class_ref (in /usr/lib/libgobject-2.0.so.0.5400.3)
==28951== 
==28951== 40 bytes in 1 blocks are possibly lost in loss record 4,699 of 9,374
==28951==    at 0x4C2CEDF: malloc (vg_replace_malloc.c:299)
==28951==    by 0x6E6D579: g_malloc (in /usr/lib/libglib-2.0.so.0.5400.3)
==28951==    by 0x6E85746: g_slice_alloc (in /usr/lib/libglib-2.0.so.0.5400.3)
==28951==    by 0x6BD2CBB: ??? (in /usr/lib/libgobject-2.0.so.0.5400.3)
==28951==    by 0x6BD2D65: ??? (in /usr/lib/libgobject-2.0.so.0.5400.3)
==28951==    by 0x6BF6AE8: ??? (in /usr/lib/libgobject-2.0.so.0.5400.3)
==28951==    by 0x6BFCD31: g_type_register_static (in /usr/lib/libgobject-2.0.so.0.5400.3)
==28951==    by 0x6BFD005: g_type_register_static_simple (in /usr/lib/libgobject-2.0.so.0.5400.3)
==28951==    by 0x4ECB0D9: gtk_notebook_accessible_get_type (in /usr/lib/libgtk-3.so.0.2200.28)
==28951==    by 0x50A2F14: ??? (in /usr/lib/libgtk-3.so.0.2200.28)
==28951==    by 0x6BFA649: g_type_class_ref (in /usr/lib/libgobject-2.0.so.0.5400.3)
==28951==    by 0xF0A5257: ??? (in /usr/lib/gtk-3.0/modules/libcanberra-gtk3-module.so)
==28951== 
==28951== 40 bytes in 1 blocks are possibly lost in loss record 4,700 of 9,374
==28951==    at 0x4C2CEDF: malloc (vg_replace_malloc.c:299)
==28951==    by 0x6E6D579: g_malloc (in /usr/lib/libglib-2.0.so.0.5400.3)
==28951==    by 0x6E85746: g_slice_alloc (in /usr/lib/libglib-2.0.so.0.5400.3)
==28951==    by 0x6BD2CBB: ??? (in /usr/lib/libgobject-2.0.so.0.5400.3)
==28951==    by 0x6BD2D65: ??? (in /usr/lib/libgobject-2.0.so.0.5400.3)
==28951==    by 0x6BF6AE8: ??? (in /usr/lib/libgobject-2.0.so.0.5400.3)
==28951==    by 0x6BFCD31: g_type_register_static (in /usr/lib/libgobject-2.0.so.0.5400.3)
==28951==    by 0x6BFD005: g_type_register_static_simple (in /usr/lib/libgobject-2.0.so.0.5400.3)
==28951==    by 0x4ED71FE: gtk_tree_view_accessible_get_type (in /usr/lib/libgtk-3.so.0.2200.28)
==28951==    by 0x51A0003: ??? (in /usr/lib/libgtk-3.so.0.2200.28)
==28951==    by 0x6BFA649: g_type_class_ref (in /usr/lib/libgobject-2.0.so.0.5400.3)
==28951==    by 0xF0A5257: ??? (in /usr/lib/gtk-3.0/modules/libcanberra-gtk3-module.so)
==28951== 
==28951== 40 bytes in 1 blocks are possibly lost in loss record 4,701 of 9,374
==28951==    at 0x4C2CEDF: malloc (vg_replace_malloc.c:299)
==28951==    by 0x6E6D579: g_malloc (in /usr/lib/libglib-2.0.so.0.5400.3)
==28951==    by 0x6E85746: g_slice_alloc (in /usr/lib/libglib-2.0.so.0.5400.3)
==28951==    by 0x6BD2CBB: ??? (in /usr/lib/libgobject-2.0.so.0.5400.3)
==28951==    by 0x6BD2D65: ??? (in /usr/lib/libgobject-2.0.so.0.5400.3)
==28951==    by 0x6BF6AE8: ??? (in /usr/lib/libgobject-2.0.so.0.5400.3)
==28951==    by 0x6BFCD31: g_type_register_static (in /usr/lib/libgobject-2.0.so.0.5400.3)
==28951==    by 0x6BFD005: g_type_register_static_simple (in /usr/lib/libgobject-2.0.so.0.5400.3)
==28951==    by 0x4EC541E: gtk_icon_view_accessible_get_type (in /usr/lib/libgtk-3.so.0.2200.28)
==28951==    by 0x503E9AF: ??? (in /usr/lib/libgtk-3.so.0.2200.28)
==28951==    by 0x6BFA649: g_type_class_ref (in /usr/lib/libgobject-2.0.so.0.5400.3)
==28951==    by 0xF0A5257: ??? (in /usr/lib/gtk-3.0/modules/libcanberra-gtk3-module.so)
==28951== 
==28951== 48 bytes in 3 blocks are possibly lost in loss record 5,338 of 9,374
==28951==    at 0x4C2CEDF: malloc (vg_replace_malloc.c:299)
==28951==    by 0x6E6D579: g_malloc (in /usr/lib/libglib-2.0.so.0.5400.3)
==28951==    by 0x6E85746: g_slice_alloc (in /usr/lib/libglib-2.0.so.0.5400.3)
==28951==    by 0x6BD2CBB: ??? (in /usr/lib/libgobject-2.0.so.0.5400.3)
==28951==    by 0x6BD2D65: ??? (in /usr/lib/libgobject-2.0.so.0.5400.3)
==28951==    by 0x6BF648C: ??? (in /usr/lib/libgobject-2.0.so.0.5400.3)
==28951==    by 0x6BF6853: ??? (in /usr/lib/libgobject-2.0.so.0.5400.3)
==28951==    by 0x6BF9BA2: ??? (in /usr/lib/libgobject-2.0.so.0.5400.3)
==28951==    by 0x6BFE257: g_type_add_interface_static (in /usr/lib/libgobject-2.0.so.0.5400.3)
==28951==    by 0x4F620B8: gtk_button_get_type (in /usr/lib/libgtk-3.so.0.2200.28)
==28951==    by 0x516DF0E: gtk_toggle_button_get_type (in /usr/lib/libgtk-3.so.0.2200.28)
==28951==    by 0xF0A706F: gtk_module_init (in /usr/lib/gtk-3.0/modules/libcanberra-gtk3-module.so)
==28951== 
==28951== 48 bytes in 1 blocks are definitely lost in loss record 5,339 of 9,374
==28951==    at 0x4C2D54F: operator new(unsigned long) (vg_replace_malloc.c:334)
==28951==    by 0x10B508: Display::create_all() (display.cpp:26)
==28951==    by 0x10DF1A: GUI::activate(_GtkApplication*, void*) (gui.cpp:279)
==28951==    by 0x10ED9C: activateGUI(_GtkApplication*, void*) (main.cpp:9)
==28951==    by 0x6BD7C5C: g_closure_invoke (in /usr/lib/libgobject-2.0.so.0.5400.3)
==28951==    by 0x6BEBB4F: ??? (in /usr/lib/libgobject-2.0.so.0.5400.3)
==28951==    by 0x6BF4805: g_signal_emit_valist (in /usr/lib/libgobject-2.0.so.0.5400.3)
==28951==    by 0x6BF523F: g_signal_emit (in /usr/lib/libgobject-2.0.so.0.5400.3)
==28951==    by 0x68C26AF: ??? (in /usr/lib/libgio-2.0.so.0.5400.3)
==28951==    by 0x68C28D1: g_application_run (in /usr/lib/libgio-2.0.so.0.5400.3)
==28951==    by 0x10EE19: main (main.cpp:30)
==28951== 
==28951== 64 bytes in 1 blocks are possibly lost in loss record 5,938 of 9,374
==28951==    at 0x4C2CEDF: malloc (vg_replace_malloc.c:299)
==28951==    by 0x6E6D579: g_malloc (in /usr/lib/libglib-2.0.so.0.5400.3)
==28951==    by 0x6E85746: g_slice_alloc (in /usr/lib/libglib-2.0.so.0.5400.3)
==28951==    by 0x6BD2CBB: ??? (in /usr/lib/libgobject-2.0.so.0.5400.3)
==28951==    by 0x6BD2D65: ??? (in /usr/lib/libgobject-2.0.so.0.5400.3)
==28951==    by 0x6BF6AE8: ??? (in /usr/lib/libgobject-2.0.so.0.5400.3)
==28951==    by 0x6BFCD31: g_type_register_static (in /usr/lib/libgobject-2.0.so.0.5400.3)
==28951==    by 0x6BFD005: g_type_register_static_simple (in /usr/lib/libgobject-2.0.so.0.5400.3)
==28951==    by 0x4F46E0E: gtk_application_window_get_type (in /usr/lib/libgtk-3.so.0.2200.28)
==28951==    by 0x4F46EF1: gtk_application_window_new (in /usr/lib/libgtk-3.so.0.2200.28)
==28951==    by 0x10DF29: GUI::activate(_GtkApplication*, void*) (gui.cpp:282)
==28951==    by 0x10ED9C: activateGUI(_GtkApplication*, void*) (main.cpp:9)
==28951== 
==28951== 64 bytes in 1 blocks are possibly lost in loss record 5,939 of 9,374
==28951==    at 0x4C2CEDF: malloc (vg_replace_malloc.c:299)
==28951==    by 0x6E6D579: g_malloc (in /usr/lib/libglib-2.0.so.0.5400.3)
==28951==    by 0x6E85746: g_slice_alloc (in /usr/lib/libglib-2.0.so.0.5400.3)
==28951==    by 0x6BD2CBB: ??? (in /usr/lib/libgobject-2.0.so.0.5400.3)
==28951==    by 0x6BD2D65: ??? (in /usr/lib/libgobject-2.0.so.0.5400.3)
==28951==    by 0x6BF6AE8: ??? (in /usr/lib/libgobject-2.0.so.0.5400.3)
==28951==    by 0x6BFCD31: g_type_register_static (in /usr/lib/libgobject-2.0.so.0.5400.3)
==28951==    by 0x6BFD005: g_type_register_static_simple (in /usr/lib/libgobject-2.0.so.0.5400.3)
==28951==    by 0x4F46075: ??? (in /usr/lib/libgtk-3.so.0.2200.28)
==28951==    by 0x6BFDCD2: g_type_create_instance (in /usr/lib/libgobject-2.0.so.0.5400.3)
==28951==    by 0x6BDD728: ??? (in /usr/lib/libgobject-2.0.so.0.5400.3)
==28951==    by 0x6BDF66F: g_object_new_valist (in /usr/lib/libgobject-2.0.so.0.5400.3)
==28951== 
==28951== 64 bytes in 1 blocks are possibly lost in loss record 5,940 of 9,374
==28951==    at 0x4C2CEDF: malloc (vg_replace_malloc.c:299)
==28951==    by 0x6E6D579: g_malloc (in /usr/lib/libglib-2.0.so.0.5400.3)
==28951==    by 0x6E85746: g_slice_alloc (in /usr/lib/libglib-2.0.so.0.5400.3)
==28951==    by 0x6BD2CBB: ??? (in /usr/lib/libgobject-2.0.so.0.5400.3)
==28951==    by 0x6BD2D65: ??? (in /usr/lib/libgobject-2.0.so.0.5400.3)
==28951==    by 0x6BF6AE8: ??? (in /usr/lib/libgobject-2.0.so.0.5400.3)
==28951==    by 0x6BFCD31: g_type_register_static (in /usr/lib/libgobject-2.0.so.0.5400.3)
==28951==    by 0x6BFD005: g_type_register_static_simple (in /usr/lib/libgobject-2.0.so.0.5400.3)
==28951==    by 0x4F5490E: gtk_box_get_type (in /usr/lib/libgtk-3.so.0.2200.28)
==28951==    by 0x4FD52BB: ??? (in /usr/lib/libgtk-3.so.0.2200.28)
==28951==    by 0x4FBA1A3: ??? (in /usr/lib/libgtk-3.so.0.2200.28)
==28951==    by 0x4FB9144: ??? (in /usr/lib/libgtk-3.so.0.2200.28)
==28951== 
==28951== 64 bytes in 1 blocks are possibly lost in loss record 5,941 of 9,374
==28951==    at 0x4C2CEDF: malloc (vg_replace_malloc.c:299)
==28951==    by 0x6E6D579: g_malloc (in /usr/lib/libglib-2.0.so.0.5400.3)
==28951==    by 0x6E85746: g_slice_alloc (in /usr/lib/libglib-2.0.so.0.5400.3)
==28951==    by 0x6BD2CBB: ??? (in /usr/lib/libgobject-2.0.so.0.5400.3)
==28951==    by 0x6BD2D65: ??? (in /usr/lib/libgobject-2.0.so.0.5400.3)
==28951==    by 0x6BF6AE8: ??? (in /usr/lib/libgobject-2.0.so.0.5400.3)
==28951==    by 0x6BFCD31: g_type_register_static (in /usr/lib/libgobject-2.0.so.0.5400.3)
==28951==    by 0x6BFD005: g_type_register_static_simple (in /usr/lib/libgobject-2.0.so.0.5400.3)
==28951==    by 0x4F9519E: gtk_combo_box_get_type (in /usr/lib/libgtk-3.so.0.2200.28)
==28951==    by 0x4F9868E: gtk_combo_box_text_get_type (in /usr/lib/libgtk-3.so.0.2200.28)
==28951==    by 0x4F98719: gtk_combo_box_text_new (in /usr/lib/libgtk-3.so.0.2200.28)
==28951==    by 0x10E1A6: GUI::activate(_GtkApplication*, void*) (gui.cpp:325)
==28951== 
==28951== 64 bytes in 1 blocks are possibly lost in loss record 5,942 of 9,374
==28951==    at 0x4C2CEDF: malloc (vg_replace_malloc.c:299)
==28951==    by 0x6E6D579: g_malloc (in /usr/lib/libglib-2.0.so.0.5400.3)
==28951==    by 0x6E85746: g_slice_alloc (in /usr/lib/libglib-2.0.so.0.5400.3)
==28951==    by 0x6BD2CBB: ??? (in /usr/lib/libgobject-2.0.so.0.5400.3)
==28951==    by 0x6BD2D65: ??? (in /usr/lib/libgobject-2.0.so.0.5400.3)
==28951==    by 0x6BF6AE8: ??? (in /usr/lib/libgobject-2.0.so.0.5400.3)
==28951==    by 0x6BFCD31: g_type_register_static (in /usr/lib/libgobject-2.0.so.0.5400.3)
==28951==    by 0x6BFD005: g_type_register_static_simple (in /usr/lib/libgobject-2.0.so.0.5400.3)
==28951==    by 0x5184549: ??? (in /usr/lib/libgtk-3.so.0.2200.28)
==28951==    by 0x4F965AB: gtk_combo_box_set_model (in /usr/lib/libgtk-3.so.0.2200.28)
==28951==    by 0x4F983EE: ??? (in /usr/lib/libgtk-3.so.0.2200.28)
==28951==    by 0x6BFDCD2: g_type_create_instance (in /usr/lib/libgobject-2.0.so.0.5400.3)
==28951== 
==28951== 64 bytes in 1 blocks are possibly lost in loss record 5,943 of 9,374
==28951==    at 0x4C2CEDF: malloc (vg_replace_malloc.c:299)
==28951==    by 0x6E6D579: g_malloc (in /usr/lib/libglib-2.0.so.0.5400.3)
==28951==    by 0x6E85746: g_slice_alloc (in /usr/lib/libglib-2.0.so.0.5400.3)
==28951==    by 0x6BD2CBB: ??? (in /usr/lib/libgobject-2.0.so.0.5400.3)
==28951==    by 0x6BD2D65: ??? (in /usr/lib/libgobject-2.0.so.0.5400.3)
==28951==    by 0x6BF6AE8: ??? (in /usr/lib/libgobject-2.0.so.0.5400.3)
==28951==    by 0x6BFCD31: g_type_register_static (in /usr/lib/libgobject-2.0.so.0.5400.3)
==28951==    by 0x6BFD005: g_type_register_static_simple (in /usr/lib/libgobject-2.0.so.0.5400.3)
==28951==    by 0x4F7316E: gtk_cell_area_box_get_type (in /usr/lib/libgtk-3.so.0.2200.28)
==28951==    by 0x4F73279: gtk_cell_area_box_new (in /usr/lib/libgtk-3.so.0.2200.28)
==28951==    by 0x4F9634D: ??? (in /usr/lib/libgtk-3.so.0.2200.28)
==28951==    by 0x4F985B2: ??? (in /usr/lib/libgtk-3.so.0.2200.28)
==28951== 
==28951== 64 bytes in 1 blocks are possibly lost in loss record 5,944 of 9,374
==28951==    at 0x4C2CEDF: malloc (vg_replace_malloc.c:299)
==28951==    by 0x6E6D579: g_malloc (in /usr/lib/libglib-2.0.so.0.5400.3)
==28951==    by 0x6E85746: g_slice_alloc (in /usr/lib/libglib-2.0.so.0.5400.3)
==28951==    by 0x6BD2CBB: ??? (in /usr/lib/libgobject-2.0.so.0.5400.3)
==28951==    by 0x6BD2D65: ??? (in /usr/lib/libgobject-2.0.so.0.5400.3)
==28951==    by 0x6BF6AE8: ??? (in /usr/lib/libgobject-2.0.so.0.5400.3)
==28951==    by 0x6BFCD31: g_type_register_static (in /usr/lib/libgobject-2.0.so.0.5400.3)
==28951==    by 0x6BFD005: g_type_register_static_simple (in /usr/lib/libgobject-2.0.so.0.5400.3)
==28951==    by 0x4ED05B9: gtk_text_cell_accessible_get_type (in /usr/lib/libgtk-3.so.0.2200.28)
==28951==    by 0x4F80438: ??? (in /usr/lib/libgtk-3.so.0.2200.28)
==28951==    by 0x6BFA649: g_type_class_ref (in /usr/lib/libgobject-2.0.so.0.5400.3)
==28951==    by 0x6BDEF80: g_object_new_with_properties (in /usr/lib/libgobject-2.0.so.0.5400.3)
==28951== 
==28951== 80 bytes in 1 blocks are possibly lost in loss record 6,577 of 9,374
==28951==    at 0x4C2EEF5: calloc (vg_replace_malloc.c:711)
==28951==    by 0x6E6D5D1: g_malloc0 (in /usr/lib/libglib-2.0.so.0.5400.3)
==28951==    by 0x6BFAB7D: g_type_class_ref (in /usr/lib/libgobject-2.0.so.0.5400.3)
==28951==    by 0x6BFA995: g_type_class_ref (in /usr/lib/libgobject-2.0.so.0.5400.3)
==28951==    by 0x6BFDBAA: g_type_create_instance (in /usr/lib/libgobject-2.0.so.0.5400.3)
==28951==    by 0x6BE395B: g_param_spec_internal (in /usr/lib/libgobject-2.0.so.0.5400.3)
==28951==    by 0x6BE8448: g_param_spec_string (in /usr/lib/libgobject-2.0.so.0.5400.3)
==28951==    by 0x68C0935: ??? (in /usr/lib/libgio-2.0.so.0.5400.3)
==28951==    by 0x6BFA649: g_type_class_ref (in /usr/lib/libgobject-2.0.so.0.5400.3)
==28951==    by 0x6BFA995: g_type_class_ref (in /usr/lib/libgobject-2.0.so.0.5400.3)
==28951==    by 0x6BDF82D: g_object_new_valist (in /usr/lib/libgobject-2.0.so.0.5400.3)
==28951==    by 0x6BDF9F9: g_object_new (in /usr/lib/libgobject-2.0.so.0.5400.3)
==28951== 
==28951== 88 bytes in 1 blocks are possibly lost in loss record 7,002 of 9,374
==28951==    at 0x4C2F0FF: realloc (vg_replace_malloc.c:785)
==28951==    by 0x6E6D638: g_realloc (in /usr/lib/libglib-2.0.so.0.5400.3)
==28951==    by 0x6BF69B2: ??? (in /usr/lib/libgobject-2.0.so.0.5400.3)
==28951==    by 0x6BFCD31: g_type_register_static (in /usr/lib/libgobject-2.0.so.0.5400.3)
==28951==    by 0x6BD91D8: g_flags_register_static (in /usr/lib/libgobject-2.0.so.0.5400.3)
==28951==    by 0x157FA327: rsvg_handle_flags_get_type (in /usr/lib/librsvg-2.so.2.42.3)
==28951==    by 0x1580D577: ??? (in /usr/lib/librsvg-2.so.2.42.3)
==28951==    by 0x6BFA649: g_type_class_ref (in /usr/lib/libgobject-2.0.so.0.5400.3)
==28951==    by 0x6BDEF80: g_object_new_with_properties (in /usr/lib/libgobject-2.0.so.0.5400.3)
==28951==    by 0x6BDFA21: g_object_new (in /usr/lib/libgobject-2.0.so.0.5400.3)
==28951==    by 0x1580DBDC: rsvg_handle_new (in /usr/lib/librsvg-2.so.2.42.3)
==28951==    by 0x155BAC1C: ??? (in /usr/lib/gdk-pixbuf-2.0/2.10.0/loaders/libpixbufloader-svg.so)
==28951== 
==28951== 96 bytes in 1 blocks are possibly lost in loss record 7,931 of 9,374
==28951==    at 0x4C2EEF5: calloc (vg_replace_malloc.c:711)
==28951==    by 0x6E6D5D1: g_malloc0 (in /usr/lib/libglib-2.0.so.0.5400.3)
==28951==    by 0x6BF6A32: ??? (in /usr/lib/libgobject-2.0.so.0.5400.3)
==28951==    by 0x6BF6BDA: ??? (in /usr/lib/libgobject-2.0.so.0.5400.3)
==28951==    by 0x6BD2A53: ??? (in /usr/lib/libgobject-2.0.so.0.5400.3)
==28951==    by 0x400F479: call_init.part.0 (in /usr/lib/ld-2.26.so)
==28951==    by 0x400F585: _dl_init (in /usr/lib/ld-2.26.so)
==28951==    by 0x4000F69: ??? (in /usr/lib/ld-2.26.so)
==28951== 
==28951== 96 bytes in 1 blocks are possibly lost in loss record 7,932 of 9,374
==28951==    at 0x4C2EEF5: calloc (vg_replace_malloc.c:711)
==28951==    by 0x6E6D5D1: g_malloc0 (in /usr/lib/libglib-2.0.so.0.5400.3)
==28951==    by 0x6BF6A32: ??? (in /usr/lib/libgobject-2.0.so.0.5400.3)
==28951==    by 0x6BF6BDA: ??? (in /usr/lib/libgobject-2.0.so.0.5400.3)
==28951==    by 0x6BFC7B3: g_type_register_fundamental (in /usr/lib/libgobject-2.0.so.0.5400.3)
==28951==    by 0x6BD8FC0: ??? (in /usr/lib/libgobject-2.0.so.0.5400.3)
==28951==    by 0x6BD2B3D: ??? (in /usr/lib/libgobject-2.0.so.0.5400.3)
==28951==    by 0x400F479: call_init.part.0 (in /usr/lib/ld-2.26.so)
==28951==    by 0x400F585: _dl_init (in /usr/lib/ld-2.26.so)
==28951==    by 0x4000F69: ??? (in /usr/lib/ld-2.26.so)
==28951== 
==28951== 96 bytes in 1 blocks are possibly lost in loss record 7,933 of 9,374
==28951==    at 0x4C2EEF5: calloc (vg_replace_malloc.c:711)
==28951==    by 0x6E6D5D1: g_malloc0 (in /usr/lib/libglib-2.0.so.0.5400.3)
==28951==    by 0x6BF6A32: ??? (in /usr/lib/libgobject-2.0.so.0.5400.3)
==28951==    by 0x6BF6BDA: ??? (in /usr/lib/libgobject-2.0.so.0.5400.3)
==28951==    by 0x6BFC7B3: g_type_register_fundamental (in /usr/lib/libgobject-2.0.so.0.5400.3)
==28951==    by 0x6BD9023: ??? (in /usr/lib/libgobject-2.0.so.0.5400.3)
==28951==    by 0x6BD2B3D: ??? (in /usr/lib/libgobject-2.0.so.0.5400.3)
==28951==    by 0x400F479: call_init.part.0 (in /usr/lib/ld-2.26.so)
==28951==    by 0x400F585: _dl_init (in /usr/lib/ld-2.26.so)
==28951==    by 0x4000F69: ??? (in /usr/lib/ld-2.26.so)
==28951== 
==28951== 96 bytes in 1 blocks are possibly lost in loss record 7,934 of 9,374
==28951==    at 0x4C2EEF5: calloc (vg_replace_malloc.c:711)
==28951==    by 0x6E6D5D1: g_malloc0 (in /usr/lib/libglib-2.0.so.0.5400.3)
==28951==    by 0x6BF6A32: ??? (in /usr/lib/libgobject-2.0.so.0.5400.3)
==28951==    by 0x6BF6BDA: ??? (in /usr/lib/libgobject-2.0.so.0.5400.3)
==28951==    by 0x6BFC7B3: g_type_register_fundamental (in /usr/lib/libgobject-2.0.so.0.5400.3)
==28951==    by 0x6BE337D: ??? (in /usr/lib/libgobject-2.0.so.0.5400.3)
==28951==    by 0x6BD2B49: ??? (in /usr/lib/libgobject-2.0.so.0.5400.3)
==28951==    by 0x400F479: call_init.part.0 (in /usr/lib/ld-2.26.so)
==28951==    by 0x400F585: _dl_init (in /usr/lib/ld-2.26.so)
==28951==    by 0x4000F69: ??? (in /usr/lib/ld-2.26.so)
==28951== 
==28951== 96 bytes in 1 blocks are possibly lost in loss record 7,935 of 9,374
==28951==    at 0x4C2EEF5: calloc (vg_replace_malloc.c:711)
==28951==    by 0x6E6D5D1: g_malloc0 (in /usr/lib/libglib-2.0.so.0.5400.3)
==28951==    by 0x6BF6A32: ??? (in /usr/lib/libgobject-2.0.so.0.5400.3)
==28951==    by 0x6BF6BDA: ??? (in /usr/lib/libgobject-2.0.so.0.5400.3)
==28951==    by 0x6BFC7B3: g_type_register_fundamental (in /usr/lib/libgobject-2.0.so.0.5400.3)
==28951==    by 0x6BDE01D: ??? (in /usr/lib/libgobject-2.0.so.0.5400.3)
==28951==    by 0x6BD2B4F: ??? (in /usr/lib/libgobject-2.0.so.0.5400.3)
==28951==    by 0x400F479: call_init.part.0 (in /usr/lib/ld-2.26.so)
==28951==    by 0x400F585: _dl_init (in /usr/lib/ld-2.26.so)
==28951==    by 0x4000F69: ??? (in /usr/lib/ld-2.26.so)
==28951== 
==28951== 120 (72 direct, 48 indirect) bytes in 1 blocks are definitely lost in loss record 8,251 of 9,374
==28951==    at 0x4C2D54F: operator new(unsigned long) (vg_replace_malloc.c:334)
==28951==    by 0x10B5D0: Display::create_all() (display.cpp:28)
==28951==    by 0x10DF1A: GUI::activate(_GtkApplication*, void*) (gui.cpp:279)
==28951==    by 0x10ED9C: activateGUI(_GtkApplication*, void*) (main.cpp:9)
==28951==    by 0x6BD7C5C: g_closure_invoke (in /usr/lib/libgobject-2.0.so.0.5400.3)
==28951==    by 0x6BEBB4F: ??? (in /usr/lib/libgobject-2.0.so.0.5400.3)
==28951==    by 0x6BF4805: g_signal_emit_valist (in /usr/lib/libgobject-2.0.so.0.5400.3)
==28951==    by 0x6BF523F: g_signal_emit (in /usr/lib/libgobject-2.0.so.0.5400.3)
==28951==    by 0x68C26AF: ??? (in /usr/lib/libgio-2.0.so.0.5400.3)
==28951==    by 0x68C28D1: g_application_run (in /usr/lib/libgio-2.0.so.0.5400.3)
==28951==    by 0x10EE19: main (main.cpp:30)
==28951== 
==28951== 132 bytes in 1 blocks are possibly lost in loss record 8,377 of 9,374
==28951==    at 0x4C2EEF5: calloc (vg_replace_malloc.c:711)
==28951==    by 0x6E6D5D1: g_malloc0 (in /usr/lib/libglib-2.0.so.0.5400.3)
==28951==    by 0x6BF7A90: ??? (in /usr/lib/libgobject-2.0.so.0.5400.3)
==28951==    by 0x6BFC812: g_type_register_fundamental (in /usr/lib/libgobject-2.0.so.0.5400.3)
==28951==    by 0x6BD8FC0: ??? (in /usr/lib/libgobject-2.0.so.0.5400.3)
==28951==    by 0x6BD2B3D: ??? (in /usr/lib/libgobject-2.0.so.0.5400.3)
==28951==    by 0x400F479: call_init.part.0 (in /usr/lib/ld-2.26.so)
==28951==    by 0x400F585: _dl_init (in /usr/lib/ld-2.26.so)
==28951==    by 0x4000F69: ??? (in /usr/lib/ld-2.26.so)
==28951== 
==28951== 132 bytes in 1 blocks are possibly lost in loss record 8,378 of 9,374
==28951==    at 0x4C2EEF5: calloc (vg_replace_malloc.c:711)
==28951==    by 0x6E6D5D1: g_malloc0 (in /usr/lib/libglib-2.0.so.0.5400.3)
==28951==    by 0x6BF7A90: ??? (in /usr/lib/libgobject-2.0.so.0.5400.3)
==28951==    by 0x6BFC812: g_type_register_fundamental (in /usr/lib/libgobject-2.0.so.0.5400.3)
==28951==    by 0x6BD9023: ??? (in /usr/lib/libgobject-2.0.so.0.5400.3)
==28951==    by 0x6BD2B3D: ??? (in /usr/lib/libgobject-2.0.so.0.5400.3)
==28951==    by 0x400F479: call_init.part.0 (in /usr/lib/ld-2.26.so)
==28951==    by 0x400F585: _dl_init (in /usr/lib/ld-2.26.so)
==28951==    by 0x4000F69: ??? (in /usr/lib/ld-2.26.so)
==28951== 
==28951== 148 bytes in 1 blocks are possibly lost in loss record 8,465 of 9,374
==28951==    at 0x4C2EEF5: calloc (vg_replace_malloc.c:711)
==28951==    by 0x6E6D5D1: g_malloc0 (in /usr/lib/libglib-2.0.so.0.5400.3)
==28951==    by 0x6BF78A3: ??? (in /usr/lib/libgobject-2.0.so.0.5400.3)
==28951==    by 0x6BFC812: g_type_register_fundamental (in /usr/lib/libgobject-2.0.so.0.5400.3)
==28951==    by 0x6BE337D: ??? (in /usr/lib/libgobject-2.0.so.0.5400.3)
==28951==    by 0x6BD2B49: ??? (in /usr/lib/libgobject-2.0.so.0.5400.3)
==28951==    by 0x400F479: call_init.part.0 (in /usr/lib/ld-2.26.so)
==28951==    by 0x400F585: _dl_init (in /usr/lib/ld-2.26.so)
==28951==    by 0x4000F69: ??? (in /usr/lib/ld-2.26.so)
==28951== 
==28951== 148 bytes in 1 blocks are possibly lost in loss record 8,466 of 9,374
==28951==    at 0x4C2EEF5: calloc (vg_replace_malloc.c:711)
==28951==    by 0x6E6D5D1: g_malloc0 (in /usr/lib/libglib-2.0.so.0.5400.3)
==28951==    by 0x6BF78A3: ??? (in /usr/lib/libgobject-2.0.so.0.5400.3)
==28951==    by 0x6BFC812: g_type_register_fundamental (in /usr/lib/libgobject-2.0.so.0.5400.3)
==28951==    by 0x6BDE01D: ??? (in /usr/lib/libgobject-2.0.so.0.5400.3)
==28951==    by 0x6BD2B4F: ??? (in /usr/lib/libgobject-2.0.so.0.5400.3)
==28951==    by 0x400F479: call_init.part.0 (in /usr/lib/ld-2.26.so)
==28951==    by 0x400F585: _dl_init (in /usr/lib/ld-2.26.so)
==28951==    by 0x4000F69: ??? (in /usr/lib/ld-2.26.so)
==28951== 
==28951== 168 (72 direct, 96 indirect) bytes in 1 blocks are definitely lost in loss record 8,528 of 9,374
==28951==    at 0x4C2D54F: operator new(unsigned long) (vg_replace_malloc.c:334)
==28951==    by 0x10B1D3: Display::create_all() (display.cpp:10)
==28951==    by 0x10DF1A: GUI::activate(_GtkApplication*, void*) (gui.cpp:279)
==28951==    by 0x10ED9C: activateGUI(_GtkApplication*, void*) (main.cpp:9)
==28951==    by 0x6BD7C5C: g_closure_invoke (in /usr/lib/libgobject-2.0.so.0.5400.3)
==28951==    by 0x6BEBB4F: ??? (in /usr/lib/libgobject-2.0.so.0.5400.3)
==28951==    by 0x6BF4805: g_signal_emit_valist (in /usr/lib/libgobject-2.0.so.0.5400.3)
==28951==    by 0x6BF523F: g_signal_emit (in /usr/lib/libgobject-2.0.so.0.5400.3)
==28951==    by 0x68C26AF: ??? (in /usr/lib/libgio-2.0.so.0.5400.3)
==28951==    by 0x68C28D1: g_application_run (in /usr/lib/libgio-2.0.so.0.5400.3)
==28951==    by 0x10EE19: main (main.cpp:30)
==28951== 
==28951== 184 bytes in 1 blocks are possibly lost in loss record 8,565 of 9,374
==28951==    at 0x4C2F0FF: realloc (vg_replace_malloc.c:785)
==28951==    by 0x6E6D638: g_realloc (in /usr/lib/libglib-2.0.so.0.5400.3)
==28951==    by 0x6BF69B2: ??? (in /usr/lib/libgobject-2.0.so.0.5400.3)
==28951==    by 0x6BFCD31: g_type_register_static (in /usr/lib/libgobject-2.0.so.0.5400.3)
==28951==    by 0x6BE513F: g_param_type_register_static (in /usr/lib/libgobject-2.0.so.0.5400.3)
==28951==    by 0x6BE7B14: ??? (in /usr/lib/libgobject-2.0.so.0.5400.3)
==28951==    by 0x6BD2B55: ??? (in /usr/lib/libgobject-2.0.so.0.5400.3)
==28951==    by 0x400F479: call_init.part.0 (in /usr/lib/ld-2.26.so)
==28951==    by 0x400F585: _dl_init (in /usr/lib/ld-2.26.so)
==28951==    by 0x4000F69: ??? (in /usr/lib/ld-2.26.so)
==28951== 
==28951== 192 (72 direct, 120 indirect) bytes in 1 blocks are definitely lost in loss record 8,589 of 9,374
==28951==    at 0x4C2D54F: operator new(unsigned long) (vg_replace_malloc.c:334)
==28951==    by 0x10B315: Display::create_all() (display.cpp:17)
==28951==    by 0x10DF1A: GUI::activate(_GtkApplication*, void*) (gui.cpp:279)
==28951==    by 0x10ED9C: activateGUI(_GtkApplication*, void*) (main.cpp:9)
==28951==    by 0x6BD7C5C: g_closure_invoke (in /usr/lib/libgobject-2.0.so.0.5400.3)
==28951==    by 0x6BEBB4F: ??? (in /usr/lib/libgobject-2.0.so.0.5400.3)
==28951==    by 0x6BF4805: g_signal_emit_valist (in /usr/lib/libgobject-2.0.so.0.5400.3)
==28951==    by 0x6BF523F: g_signal_emit (in /usr/lib/libgobject-2.0.so.0.5400.3)
==28951==    by 0x68C26AF: ??? (in /usr/lib/libgio-2.0.so.0.5400.3)
==28951==    by 0x68C28D1: g_application_run (in /usr/lib/libgio-2.0.so.0.5400.3)
==28951==    by 0x10EE19: main (main.cpp:30)
==28951== 
==28951== 208 bytes in 4 blocks are possibly lost in loss record 8,627 of 9,374
==28951==    at 0x4C2CEDF: malloc (vg_replace_malloc.c:299)
==28951==    by 0x6E6D579: g_malloc (in /usr/lib/libglib-2.0.so.0.5400.3)
==28951==    by 0x4FBA87E: ??? (in /usr/lib/libgtk-3.so.0.2200.28)
==28951==    by 0x4FBAB79: ??? (in /usr/lib/libgtk-3.so.0.2200.28)
==28951==    by 0x4FB961D: ??? (in /usr/lib/libgtk-3.so.0.2200.28)
==28951==    by 0x4F01008: ??? (in /usr/lib/libgtk-3.so.0.2200.28)
==28951==    by 0x4F02A87: ??? (in /usr/lib/libgtk-3.so.0.2200.28)
==28951==    by 0x4F02CCD: ??? (in /usr/lib/libgtk-3.so.0.2200.28)
==28951==    by 0x6BDD8E7: ??? (in /usr/lib/libgobject-2.0.so.0.5400.3)
==28951==    by 0x6BDF66F: g_object_new_valist (in /usr/lib/libgobject-2.0.so.0.5400.3)
==28951==    by 0x6BDF9F9: g_object_new (in /usr/lib/libgobject-2.0.so.0.5400.3)
==28951==    by 0x4F0166C: ??? (in /usr/lib/libgtk-3.so.0.2200.28)
==28951== 
==28951== 224 bytes in 4 blocks are possibly lost in loss record 8,647 of 9,374
==28951==    at 0x4C2CEDF: malloc (vg_replace_malloc.c:299)
==28951==    by 0x6E6D579: g_malloc (in /usr/lib/libglib-2.0.so.0.5400.3)
==28951==    by 0x4FBA87E: ??? (in /usr/lib/libgtk-3.so.0.2200.28)
==28951==    by 0x4FBAB79: ??? (in /usr/lib/libgtk-3.so.0.2200.28)
==28951==    by 0x4FB961D: ??? (in /usr/lib/libgtk-3.so.0.2200.28)
==28951==    by 0x4F01008: ??? (in /usr/lib/libgtk-3.so.0.2200.28)
==28951==    by 0x4F02A58: ??? (in /usr/lib/libgtk-3.so.0.2200.28)
==28951==    by 0x4F02CCD: ??? (in /usr/lib/libgtk-3.so.0.2200.28)
==28951==    by 0x6BDD8E7: ??? (in /usr/lib/libgobject-2.0.so.0.5400.3)
==28951==    by 0x6BDF66F: g_object_new_valist (in /usr/lib/libgobject-2.0.so.0.5400.3)
==28951==    by 0x6BDF9F9: g_object_new (in /usr/lib/libgobject-2.0.so.0.5400.3)
==28951==    by 0x4F0166C: ??? (in /usr/lib/libgtk-3.so.0.2200.28)
==28951== 
==28951== 240 bytes in 5 blocks are possibly lost in loss record 8,684 of 9,374
==28951==    at 0x4C2CEDF: malloc (vg_replace_malloc.c:299)
==28951==    by 0x6E6D579: g_malloc (in /usr/lib/libglib-2.0.so.0.5400.3)
==28951==    by 0x6E8740C: g_memdup (in /usr/lib/libglib-2.0.so.0.5400.3)
==28951==    by 0x4FBA7BA: ??? (in /usr/lib/libgtk-3.so.0.2200.28)
==28951==    by 0x4FBAAB7: ??? (in /usr/lib/libgtk-3.so.0.2200.28)
==28951==    by 0x4FB95DD: ??? (in /usr/lib/libgtk-3.so.0.2200.28)
==28951==    by 0x5123702: gtk_style_context_set_state (in /usr/lib/libgtk-3.so.0.2200.28)
==28951==    by 0x4F0297F: ??? (in /usr/lib/libgtk-3.so.0.2200.28)
==28951==    by 0x4F02CCD: ??? (in /usr/lib/libgtk-3.so.0.2200.28)
==28951==    by 0x6BDD8E7: ??? (in /usr/lib/libgobject-2.0.so.0.5400.3)
==28951==    by 0x6BDF66F: g_object_new_valist (in /usr/lib/libgobject-2.0.so.0.5400.3)
==28951==    by 0x6BDF9F9: g_object_new (in /usr/lib/libgobject-2.0.so.0.5400.3)
==28951== 
==28951== 260 bytes in 5 blocks are possibly lost in loss record 8,745 of 9,374
==28951==    at 0x4C2CEDF: malloc (vg_replace_malloc.c:299)
==28951==    by 0x6E6D579: g_malloc (in /usr/lib/libglib-2.0.so.0.5400.3)
==28951==    by 0x4FBA87E: ??? (in /usr/lib/libgtk-3.so.0.2200.28)
==28951==    by 0x4FBAB79: ??? (in /usr/lib/libgtk-3.so.0.2200.28)
==28951==    by 0x4FB961D: ??? (in /usr/lib/libgtk-3.so.0.2200.28)
==28951==    by 0x4F02A45: ??? (in /usr/lib/libgtk-3.so.0.2200.28)
==28951==    by 0x4F02CCD: ??? (in /usr/lib/libgtk-3.so.0.2200.28)
==28951==    by 0x6BDD8E7: ??? (in /usr/lib/libgobject-2.0.so.0.5400.3)
==28951==    by 0x6BDF66F: g_object_new_valist (in /usr/lib/libgobject-2.0.so.0.5400.3)
==28951==    by 0x6BDF9F9: g_object_new (in /usr/lib/libgobject-2.0.so.0.5400.3)
==28951==    by 0x4F0166C: ??? (in /usr/lib/libgtk-3.so.0.2200.28)
==28951==    by 0x4F016C1: gtk_style_new (in /usr/lib/libgtk-3.so.0.2200.28)
==28951== 
==28951== 368 bytes in 1 blocks are possibly lost in loss record 8,854 of 9,374
==28951==    at 0x4C2EEF5: calloc (vg_replace_malloc.c:711)
==28951==    by 0x4011B42: allocate_dtv (in /usr/lib/ld-2.26.so)
==28951==    by 0x40124CD: _dl_allocate_tls (in /usr/lib/ld-2.26.so)
==28951==    by 0x7A23B6A: pthread_create@@GLIBC_2.2.5 (in /usr/lib/libpthread-2.26.so)
==28951==    by 0x6EAE962: ??? (in /usr/lib/libglib-2.0.so.0.5400.3)
==28951==    by 0x6E905A4: ??? (in /usr/lib/libglib-2.0.so.0.5400.3)
==28951==    by 0x6E90657: g_thread_new (in /usr/lib/libglib-2.0.so.0.5400.3)
==28951==    by 0x6E68F88: ??? (in /usr/lib/libglib-2.0.so.0.5400.3)
==28951==    by 0x68AB541: g_task_get_type (in /usr/lib/libgio-2.0.so.0.5400.3)
==28951==    by 0x68F25E2: ??? (in /usr/lib/libgio-2.0.so.0.5400.3)
==28951==    by 0x68E5D31: g_bus_get_sync (in /usr/lib/libgio-2.0.so.0.5400.3)
==28951==    by 0x68C5048: ??? (in /usr/lib/libgio-2.0.so.0.5400.3)
==28951== 
==28951== 368 bytes in 1 blocks are possibly lost in loss record 8,855 of 9,374
==28951==    at 0x4C2EEF5: calloc (vg_replace_malloc.c:711)
==28951==    by 0x4011B42: allocate_dtv (in /usr/lib/ld-2.26.so)
==28951==    by 0x40124CD: _dl_allocate_tls (in /usr/lib/ld-2.26.so)
==28951==    by 0x7A23B6A: pthread_create@@GLIBC_2.2.5 (in /usr/lib/libpthread-2.26.so)
==28951==    by 0x6EAE962: ??? (in /usr/lib/libglib-2.0.so.0.5400.3)
==28951==    by 0x6E905A4: ??? (in /usr/lib/libglib-2.0.so.0.5400.3)
==28951==    by 0x6E90657: g_thread_new (in /usr/lib/libglib-2.0.so.0.5400.3)
==28951==    by 0x68F2168: ??? (in /usr/lib/libgio-2.0.so.0.5400.3)
==28951==    by 0x68E5725: ??? (in /usr/lib/libgio-2.0.so.0.5400.3)
==28951==    by 0x68E5D9D: g_bus_get_sync (in /usr/lib/libgio-2.0.so.0.5400.3)
==28951==    by 0x68C5048: ??? (in /usr/lib/libgio-2.0.so.0.5400.3)
==28951==    by 0x68C1C76: g_application_register (in /usr/lib/libgio-2.0.so.0.5400.3)
==28951== 
==28951== 384 bytes in 1 blocks are possibly lost in loss record 8,889 of 9,374
==28951==    at 0x4C2EEF5: calloc (vg_replace_malloc.c:711)
==28951==    by 0x4011B42: allocate_dtv (in /usr/lib/ld-2.26.so)
==28951==    by 0x40124CD: _dl_allocate_tls (in /usr/lib/ld-2.26.so)
==28951==    by 0x7A23B6A: pthread_create@@GLIBC_2.2.5 (in /usr/lib/libpthread-2.26.so)
==28951==    by 0x6EAE962: ??? (in /usr/lib/libglib-2.0.so.0.5400.3)
==28951==    by 0x6E905A4: ??? (in /usr/lib/libglib-2.0.so.0.5400.3)
==28951==    by 0x6E90940: ??? (in /usr/lib/libglib-2.0.so.0.5400.3)
==28951==    by 0x6E90FAA: g_thread_pool_push (in /usr/lib/libglib-2.0.so.0.5400.3)
==28951==    by 0x68AC387: g_task_run_in_thread (in /usr/lib/libgio-2.0.so.0.5400.3)
==28951==    by 0x688BA44: ??? (in /usr/lib/libgio-2.0.so.0.5400.3)
==28951==    by 0x688DB77: g_output_stream_flush_async (in /usr/lib/libgio-2.0.so.0.5400.3)
==28951==    by 0x68F2D4D: ??? (in /usr/lib/libgio-2.0.so.0.5400.3)
==28951== 
==28951== 488 bytes in 1 blocks are possibly lost in loss record 8,950 of 9,374
==28951==    at 0x4C2F0FF: realloc (vg_replace_malloc.c:785)
==28951==    by 0x6E6D638: g_realloc (in /usr/lib/libglib-2.0.so.0.5400.3)
==28951==    by 0x6BF69B2: ??? (in /usr/lib/libgobject-2.0.so.0.5400.3)
==28951==    by 0x6BFCD31: g_type_register_static (in /usr/lib/libgobject-2.0.so.0.5400.3)
==28951==    by 0x6BD90E8: g_enum_register_static (in /usr/lib/libgobject-2.0.so.0.5400.3)
==28951==    by 0x51BCB7C: gtk_image_type_get_type (in /usr/lib/libgtk-3.so.0.2200.28)
==28951==    by 0x50479B2: ??? (in /usr/lib/libgtk-3.so.0.2200.28)
==28951==    by 0x6BFA649: g_type_class_ref (in /usr/lib/libgobject-2.0.so.0.5400.3)
==28951==    by 0x4F59DD3: gtk_builder_get_type_from_name (in /usr/lib/libgtk-3.so.0.2200.28)
==28951==    by 0x4F5D817: ??? (in /usr/lib/libgtk-3.so.0.2200.28)
==28951==    by 0x6E6B374: ??? (in /usr/lib/libglib-2.0.so.0.5400.3)
==28951==    by 0x6E6C352: g_markup_parse_context_parse (in /usr/lib/libglib-2.0.so.0.5400.3)
==28951== 
==28951== 552 (24 direct, 528 indirect) bytes in 1 blocks are definitely lost in loss record 9,007 of 9,374
==28951==    at 0x4C2D54F: operator new(unsigned long) (vg_replace_malloc.c:334)
==28951==    by 0x10C648: __gnu_cxx::new_allocator<std::_List_node<Vector2> >::allocate(unsigned long, void const*) (new_allocator.h:111)
==28951==    by 0x10C44E: std::allocator_traits<std::allocator<std::_List_node<Vector2> > >::allocate(std::allocator<std::_List_node<Vector2> >&, unsigned long) (alloc_traits.h:436)
==28951==    by 0x10C182: std::__cxx11::_List_base<Vector2, std::allocator<Vector2> >::_M_get_node() (stl_list.h:383)
==28951==    by 0x10BD8D: std::_List_node<Vector2>* std::__cxx11::list<Vector2, std::allocator<Vector2> >::_M_create_node<Vector2>(Vector2&&) (stl_list.h:572)
==28951==    by 0x10BAF7: void std::__cxx11::list<Vector2, std::allocator<Vector2> >::_M_insert<Vector2>(std::_List_iterator<Vector2>, Vector2&&) (stl_list.h:1801)
==28951==    by 0x10B956: std::__cxx11::list<Vector2, std::allocator<Vector2> >::push_back(Vector2&&) (stl_list.h:1123)
==28951==    by 0x10B685: Display::create_all() (display.cpp:31)
==28951==    by 0x10DF1A: GUI::activate(_GtkApplication*, void*) (gui.cpp:279)
==28951==    by 0x10ED9C: activateGUI(_GtkApplication*, void*) (main.cpp:9)
==28951==    by 0x6BD7C5C: g_closure_invoke (in /usr/lib/libgobject-2.0.so.0.5400.3)
==28951==    by 0x6BEBB4F: ??? (in /usr/lib/libgobject-2.0.so.0.5400.3)
==28951== 
==28951== 816 bytes in 1 blocks are possibly lost in loss record 9,065 of 9,374
==28951==    at 0x4C2F0FF: realloc (vg_replace_malloc.c:785)
==28951==    by 0x6E6D638: g_realloc (in /usr/lib/libglib-2.0.so.0.5400.3)
==28951==    by 0x6BF69B2: ??? (in /usr/lib/libgobject-2.0.so.0.5400.3)
==28951==    by 0x6BFCD31: g_type_register_static (in /usr/lib/libgobject-2.0.so.0.5400.3)
==28951==    by 0x6BFD005: g_type_register_static_simple (in /usr/lib/libgobject-2.0.so.0.5400.3)
==28951==    by 0x68974C2: g_simple_async_result_get_type (in /usr/lib/libgio-2.0.so.0.5400.3)
==28951==    by 0x68521AF: g_async_result_legacy_propagate_error (in /usr/lib/libgio-2.0.so.0.5400.3)
==28951==    by 0x688E9A7: ??? (in /usr/lib/libgio-2.0.so.0.5400.3)
==28951==    by 0x68AB24B: ??? (in /usr/lib/libgio-2.0.so.0.5400.3)
==28951==    by 0x68AB288: ??? (in /usr/lib/libgio-2.0.so.0.5400.3)
==28951==    by 0x6E67CA5: g_main_context_dispatch (in /usr/lib/libglib-2.0.so.0.5400.3)
==28951==    by 0x6E68080: ??? (in /usr/lib/libglib-2.0.so.0.5400.3)
==28951== 
==28951== 4,815 (1,536 direct, 3,279 indirect) bytes in 2 blocks are definitely lost in loss record 9,299 of 9,374
==28951==    at 0x4C2F0FF: realloc (vg_replace_malloc.c:785)
==28951==    by 0x9099899: ??? (in /usr/lib/libfontconfig.so.1.10.1)
==28951==    by 0x9099DAD: ??? (in /usr/lib/libfontconfig.so.1.10.1)
==28951==    by 0x9096D53: FcFontRenderPrepare (in /usr/lib/libfontconfig.so.1.10.1)
==28951==    by 0x9097053: FcFontMatch (in /usr/lib/libfontconfig.so.1.10.1)
==28951==    by 0x8E74777: ??? (in /usr/lib/libpangoft2-1.0.so.0.4000.13)
==28951==    by 0x8E7492C: ??? (in /usr/lib/libpangoft2-1.0.so.0.4000.13)
==28951==    by 0x5C6CDE7: ??? (in /usr/lib/libpango-1.0.so.0.4000.13)
==28951==    by 0x5C6D355: ??? (in /usr/lib/libpango-1.0.so.0.4000.13)
==28951==    by 0x5C6DD87: pango_itemize_with_base_dir (in /usr/lib/libpango-1.0.so.0.4000.13)
==28951==    by 0x5C6EE7B: ??? (in /usr/lib/libpango-1.0.so.0.4000.13)
==28951==    by 0x5C70CCB: ??? (in /usr/lib/libpango-1.0.so.0.4000.13)
==28951== 
==28951== 6,250 (512 direct, 5,738 indirect) bytes in 1 blocks are definitely lost in loss record 9,316 of 9,374
==28951==    at 0x4C2F0FF: realloc (vg_replace_malloc.c:785)
==28951==    by 0x9099899: ??? (in /usr/lib/libfontconfig.so.1.10.1)
==28951==    by 0x9099F9E: ??? (in /usr/lib/libfontconfig.so.1.10.1)
==28951==    by 0x6395AA8: ??? (in /usr/lib/libcairo.so.2.11510.0)
==28951==    by 0x5A4F282: ??? (in /usr/lib/libpangocairo-1.0.so.0.4000.13)
==28951==    by 0x8E715C5: ??? (in /usr/lib/libpangoft2-1.0.so.0.4000.13)
==28951==    by 0x5C6CF58: ??? (in /usr/lib/libpango-1.0.so.0.4000.13)
==28951==    by 0x5C6DD87: pango_itemize_with_base_dir (in /usr/lib/libpango-1.0.so.0.4000.13)
==28951==    by 0x5C6EE7B: ??? (in /usr/lib/libpango-1.0.so.0.4000.13)
==28951==    by 0x5C70CCB: ??? (in /usr/lib/libpango-1.0.so.0.4000.13)
==28951==    by 0x4F810AA: ??? (in /usr/lib/libgtk-3.so.0.2200.28)
==28951==    by 0x4F78DDC: gtk_cell_renderer_get_preferred_width (in /usr/lib/libgtk-3.so.0.2200.28)
==28951== 
==28951== 6,250 (512 direct, 5,738 indirect) bytes in 1 blocks are definitely lost in loss record 9,317 of 9,374
==28951==    at 0x4C2F0FF: realloc (vg_replace_malloc.c:785)
==28951==    by 0x9099899: ??? (in /usr/lib/libfontconfig.so.1.10.1)
==28951==    by 0x9099F9E: ??? (in /usr/lib/libfontconfig.so.1.10.1)
==28951==    by 0x6395AA8: ??? (in /usr/lib/libcairo.so.2.11510.0)
==28951==    by 0x5A4F282: ??? (in /usr/lib/libpangocairo-1.0.so.0.4000.13)
==28951==    by 0x8E715C5: ??? (in /usr/lib/libpangoft2-1.0.so.0.4000.13)
==28951==    by 0x5C6CF58: ??? (in /usr/lib/libpango-1.0.so.0.4000.13)
==28951==    by 0x5C6DD87: pango_itemize_with_base_dir (in /usr/lib/libpango-1.0.so.0.4000.13)
==28951==    by 0x5C6EE7B: ??? (in /usr/lib/libpango-1.0.so.0.4000.13)
==28951==    by 0x5C70CCB: ??? (in /usr/lib/libpango-1.0.so.0.4000.13)
==28951==    by 0x5A52623: ??? (in /usr/lib/libpangocairo-1.0.so.0.4000.13)
==28951==    by 0x5C6A140: ??? (in /usr/lib/libpango-1.0.so.0.4000.13)
==28951== 
==28951== LEAK SUMMARY:
==28951==    definitely lost: 2,848 bytes in 9 blocks
==28951==    indirectly lost: 15,547 bytes in 660 blocks
==28951==      possibly lost: 5,904 bytes in 76 blocks
==28951==    still reachable: 3,068,917 bytes in 30,652 blocks
==28951==                       of which reachable via heuristic:
==28951==                         length64           : 8,368 bytes in 127 blocks
==28951==                         newarray           : 2,256 bytes in 61 blocks
==28951==         suppressed: 0 bytes in 0 blocks
==28951== Reachable blocks (those to which a pointer was found) are not shown.
==28951== To see them, rerun with: --leak-check=full --show-leak-kinds=all
==28951== 
==28951== For counts of detected and suppressed errors, rerun with: -v
==28951== ERROR SUMMARY: 67 errors from 67 contexts (suppressed: 0 from 0)
